<?xml version="1.0" encoding="UTF-8"?>
<!-- Generated by org.testng.reporters.JUnitXMLReporter -->
<testsuite ignored="1" hostname="Anubhavs-MacBook-Air.local" failures="0" tests="1" name="Default test" time="12.937" errors="0" timestamp="2023-11-14T14:52:55 IST">
  <testcase classname="TestCasesFolder.ErrorValidations" name="ProductErrorValidation" time="8.81"/>
  <testcase classname="TestCasesFolder.ErrorValidations" name="LoginErrorValidation" time="0.0">
    <ignored/>
  </testcase> <!-- LoginErrorValidation -->
</testsuite> <!-- Default test -->
