<?xml version="1.0" encoding="UTF-8"?>
<!-- Generated by org.testng.reporters.JUnitXMLReporter -->
<testsuite ignored="0" hostname="Anubhavs-MacBook-Air.local" failures="0" tests="3" name="Default test" time="26.963" errors="0" timestamp="2023-11-08T19:40:09 IST">
  <testcase classname="TestCasesFolder.E_Commerce" name="submitOrder" time="9.418"/>
  <testcase classname="TestCasesFolder.E_Commerce" name="submitOrder" time="9.391"/>
  <testcase classname="TestCasesFolder.E_Commerce" name="OrderHistory" time="0.511"/>
</testsuite> <!-- Default test -->
