<?xml version="1.0" encoding="UTF-8"?>
<!-- Generated by org.testng.reporters.JUnitXMLReporter -->
<testsuite ignored="0" hostname="Anubhavs-MacBook-Air.local" failures="1" tests="2" name="Error Validation Test" time="14.339" errors="0" timestamp="2023-11-09T18:51:16 IST">
  <testcase classname="TestCasesFolder.ErrorValidations" name="LoginErrorValidation" time="0.784">
    <failure type="java.lang.AssertionError" message="expected [Incorrect emmail or password.] but found [Incorrect email or password.]">
      <![CDATA[java.lang.AssertionError: expected [Incorrect emmail or password.] but found [Incorrect email or password.]
at TestCasesFolder.ErrorValidations.LoginErrorValidation(ErrorValidations.java:22)
at java.base/java.util.ArrayList.forEach(ArrayList.java:1511)
at java.base/java.util.concurrent.FutureTask.run(FutureTask.java:264)
at java.base/java.util.concurrent.ThreadPoolExecutor.runWorker(ThreadPoolExecutor.java:1136)
at java.base/java.util.concurrent.ThreadPoolExecutor$Worker.run(ThreadPoolExecutor.java:635)
at java.base/java.lang.Thread.run(Thread.java:833)
... Removed 23 stack frames]]>
    </failure>
  </testcase> <!-- LoginErrorValidation -->
  <testcase classname="TestCasesFolder.ErrorValidations" name="ProductErrorValidation" time="8.771"/>
</testsuite> <!-- Error Validation Test -->
