<?xml version="1.0" encoding="UTF-8"?>
<!-- Generated by org.testng.reporters.JUnitXMLReporter -->
<testsuite ignored="0" hostname="Anubhavs-MacBook-Air.local" failures="0" tests="2" name="Error Validation Test" time="15.223" errors="0" timestamp="2023-11-11T17:27:29 IST">
  <testcase classname="TestCasesFolder.ErrorValidations" name="LoginErrorValidation" time="0.292"/>
  <testcase classname="TestCasesFolder.ErrorValidations" name="ProductErrorValidation" time="8.787"/>
</testsuite> <!-- Error Validation Test -->
