<?xml version="1.0" encoding="UTF-8"?>
<!-- Generated by org.testng.reporters.JUnitXMLReporter -->
<testsuite ignored="0" hostname="Anubhavs-MacBook-Air.local" failures="0" tests="3" name="Submit Order Test" time="27.529" errors="0" timestamp="2023-11-11T17:27:41 IST">
  <testcase classname="TestCasesFolder.E_Commerce" name="submitOrder" time="9.385"/>
  <testcase classname="TestCasesFolder.E_Commerce" name="submitOrder" time="9.513"/>
  <testcase classname="TestCasesFolder.E_Commerce" name="OrderHistory" time="0.503"/>
</testsuite> <!-- Submit Order Test -->
