<?xml version="1.0" encoding="UTF-8"?>
<!-- Generated by org.testng.reporters.JUnitXMLReporter -->
<testsuite ignored="0" hostname="Anubhavs-MacBook-Air.local" failures="0" tests="3" name="Submit Order Test" time="26.406" errors="0" timestamp="2023-11-09T18:51:28 IST">
  <testcase classname="TestCasesFolder.E_Commerce" name="submitOrder" time="9.362"/>
  <testcase classname="TestCasesFolder.E_Commerce" name="submitOrder" time="9.374"/>
  <testcase classname="TestCasesFolder.E_Commerce" name="OrderHistory" time="0.472"/>
</testsuite> <!-- Submit Order Test -->
