<?xml version="1.0" encoding="UTF-8"?>
<!-- Generated by org.testng.reporters.JUnitXMLReporter -->
<testsuite ignored="2" hostname="Anubhavs-MacBook-Air.local" failures="0" tests="0" time="0.004" errors="0" timestamp="2023-11-11T18:04:04 IST">
  <testcase classname="TestCasesFolder.E_Commerce" name="submitOrder" time="0.0">
    <ignored/>
  </testcase> <!-- submitOrder -->
  <testcase classname="TestCasesFolder.E_Commerce" name="OrderHistory" time="0.0">
    <ignored/>
  </testcase> <!-- OrderHistory -->
</testsuite>
