<?xml version="1.0" encoding="UTF-8"?>
<!-- Generated by org.testng.reporters.JUnitXMLReporter -->
<testsuite ignored="0" hostname="Anubhavs-MacBook-Air.local" failures="0" tests="3" name="Submit Order Test" time="28.945" errors="0" timestamp="2023-11-12T17:14:13 IST">
  <testcase classname="TestCasesFolder.E_Commerce" name="submitOrder" time="9.281"/>
  <testcase classname="TestCasesFolder.E_Commerce" name="submitOrder" time="9.512"/>
  <testcase classname="TestCasesFolder.E_Commerce" name="OrderHistory" time="0.529"/>
</testsuite> <!-- Submit Order Test -->
