<?xml version="1.0" encoding="UTF-8"?>
<testng-results ignored="2" total="4" passed="2" failed="0" skipped="0">
  <reporter-output>
  </reporter-output>
  <suite started-at="2023-11-11T18:04:04 IST" name="Suite" finished-at="2023-11-11T18:04:22 IST" duration-ms="18584">
    <groups>
      <group name="ErrorHandling">
        <method signature="ErrorValidations.LoginErrorValidation()[pri:0, instance:TestCasesFolder.ErrorValidations@2ddc9a9f]" name="LoginErrorValidation" class="TestCasesFolder.ErrorValidations"/>
        <method signature="ErrorValidations.ProductErrorValidation()[pri:0, instance:TestCasesFolder.ErrorValidations@2ddc9a9f]" name="ProductErrorValidation" class="TestCasesFolder.ErrorValidations"/>
      </group> <!-- ErrorHandling -->
    </groups>
    <test started-at="2023-11-11T18:04:04 IST" name="Submit Order Test" finished-at="2023-11-11T18:04:04 IST" duration-ms="4">
    </test> <!-- Submit Order Test -->
    <test started-at="2023-11-11T18:04:04 IST" name="Error Validation Test" finished-at="2023-11-11T18:04:22 IST" duration-ms="18308">
      <class name="TestCasesFolder.ErrorValidations">
        <test-method is-config="true" signature="launchApplication()[pri:0, instance:TestCasesFolder.ErrorValidations@2ddc9a9f]" started-at="2023-11-11T18:04:04 IST" name="launchApplication" finished-at="2023-11-11T18:04:09 IST" duration-ms="4576" status="PASS">
          <reporter-output>
          </reporter-output>
        </test-method> <!-- launchApplication -->
        <test-method signature="LoginErrorValidation()[pri:0, instance:TestCasesFolder.ErrorValidations@2ddc9a9f]" started-at="2023-11-11T18:04:09 IST" name="LoginErrorValidation" finished-at="2023-11-11T18:04:09 IST" duration-ms="348" status="PASS">
          <reporter-output>
          </reporter-output>
        </test-method> <!-- LoginErrorValidation -->
        <test-method is-config="true" signature="tearDown()[pri:0, instance:TestCasesFolder.ErrorValidations@2ddc9a9f]" started-at="2023-11-11T18:04:09 IST" name="tearDown" finished-at="2023-11-11T18:04:09 IST" duration-ms="501" status="PASS">
          <reporter-output>
          </reporter-output>
        </test-method> <!-- tearDown -->
        <test-method is-config="true" signature="launchApplication()[pri:0, instance:TestCasesFolder.ErrorValidations@2ddc9a9f]" started-at="2023-11-11T18:04:09 IST" name="launchApplication" finished-at="2023-11-11T18:04:13 IST" duration-ms="3296" status="PASS">
          <reporter-output>
          </reporter-output>
        </test-method> <!-- launchApplication -->
        <test-method signature="ProductErrorValidation()[pri:0, instance:TestCasesFolder.ErrorValidations@2ddc9a9f]" started-at="2023-11-11T18:04:13 IST" name="ProductErrorValidation" finished-at="2023-11-11T18:04:22 IST" duration-ms="9201" status="PASS">
          <reporter-output>
          </reporter-output>
        </test-method> <!-- ProductErrorValidation -->
        <test-method is-config="true" signature="tearDown()[pri:0, instance:TestCasesFolder.ErrorValidations@2ddc9a9f]" started-at="2023-11-11T18:04:22 IST" name="tearDown" finished-at="2023-11-11T18:04:22 IST" duration-ms="364" status="PASS">
          <reporter-output>
          </reporter-output>
        </test-method> <!-- tearDown -->
      </class> <!-- TestCasesFolder.ErrorValidations -->
    </test> <!-- Error Validation Test -->
  </suite> <!-- Suite -->
</testng-results>
