<?xml version="1.0" encoding="UTF-8"?>
<testng-results ignored="0" total="5" passed="5" failed="0" skipped="0">
  <reporter-output>
  </reporter-output>
  <suite started-at="2023-11-11T17:27:14 IST" name="Suite" finished-at="2023-11-11T17:27:41 IST" duration-ms="27529">
    <groups>
      <group name="ErrorHandling">
        <method signature="ErrorValidations.LoginErrorValidation()[pri:0, instance:TestCasesFolder.ErrorValidations@536f2a7e]" name="LoginErrorValidation" class="TestCasesFolder.ErrorValidations"/>
        <method signature="ErrorValidations.ProductErrorValidation()[pri:0, instance:TestCasesFolder.ErrorValidations@536f2a7e]" name="ProductErrorValidation" class="TestCasesFolder.ErrorValidations"/>
      </group> <!-- ErrorHandling -->
    </groups>
    <test started-at="2023-11-11T17:27:14 IST" name="Error Validation Test" finished-at="2023-11-11T17:27:29 IST" duration-ms="15223">
      <class name="TestCasesFolder.ErrorValidations">
        <test-method is-config="true" signature="launchApplication()[pri:0, instance:TestCasesFolder.ErrorValidations@536f2a7e]" started-at="2023-11-11T17:27:14 IST" name="launchApplication" finished-at="2023-11-11T17:27:17 IST" duration-ms="3292" status="PASS">
          <reporter-output>
          </reporter-output>
        </test-method> <!-- launchApplication -->
        <test-method signature="LoginErrorValidation()[pri:0, instance:TestCasesFolder.ErrorValidations@536f2a7e]" started-at="2023-11-11T17:27:17 IST" name="LoginErrorValidation" finished-at="2023-11-11T17:27:17 IST" duration-ms="292" status="PASS">
          <reporter-output>
          </reporter-output>
        </test-method> <!-- LoginErrorValidation -->
        <test-method is-config="true" signature="tearDown()[pri:0, instance:TestCasesFolder.ErrorValidations@536f2a7e]" started-at="2023-11-11T17:27:17 IST" name="tearDown" finished-at="2023-11-11T17:27:17 IST" duration-ms="87" status="PASS">
          <reporter-output>
          </reporter-output>
        </test-method> <!-- tearDown -->
        <test-method is-config="true" signature="launchApplication()[pri:0, instance:TestCasesFolder.ErrorValidations@536f2a7e]" started-at="2023-11-11T17:27:17 IST" name="launchApplication" finished-at="2023-11-11T17:27:20 IST" duration-ms="2657" status="PASS">
          <reporter-output>
          </reporter-output>
        </test-method> <!-- launchApplication -->
        <test-method signature="ProductErrorValidation()[pri:0, instance:TestCasesFolder.ErrorValidations@536f2a7e]" started-at="2023-11-11T17:27:20 IST" name="ProductErrorValidation" finished-at="2023-11-11T17:27:29 IST" duration-ms="8787" status="PASS">
          <reporter-output>
          </reporter-output>
        </test-method> <!-- ProductErrorValidation -->
        <test-method is-config="true" signature="tearDown()[pri:0, instance:TestCasesFolder.ErrorValidations@536f2a7e]" started-at="2023-11-11T17:27:29 IST" name="tearDown" finished-at="2023-11-11T17:27:29 IST" duration-ms="84" status="PASS">
          <reporter-output>
          </reporter-output>
        </test-method> <!-- tearDown -->
      </class> <!-- TestCasesFolder.ErrorValidations -->
    </test> <!-- Error Validation Test -->
    <test started-at="2023-11-11T17:27:14 IST" name="Submit Order Test" finished-at="2023-11-11T17:27:41 IST" duration-ms="27529">
      <class name="TestCasesFolder.E_Commerce">
        <test-method is-config="true" signature="launchApplication()[pri:0, instance:TestCasesFolder.E_Commerce@33065d67]" started-at="2023-11-11T17:27:14 IST" name="launchApplication" finished-at="2023-11-11T17:27:17 IST" duration-ms="3232" status="PASS">
          <reporter-output>
          </reporter-output>
        </test-method> <!-- launchApplication -->
        <test-method signature="submitOrder(java.util.HashMap)[pri:0, instance:TestCasesFolder.E_Commerce@33065d67]" started-at="2023-11-11T17:27:17 IST" name="submitOrder" data-provider="getdata" finished-at="2023-11-11T17:27:26 IST" duration-ms="9385" status="PASS">
          <params>
            <param index="0">
              <value>
                <![CDATA[{password=Anubhav@11, product_2=ADIDAS ORIGINAL, email=anubhavgupta@gmail.com, product_1=ZARA COAT 3}]]>
              </value>
            </param>
          </params>
          <reporter-output>
          </reporter-output>
        </test-method> <!-- submitOrder -->
        <test-method is-config="true" signature="tearDown()[pri:0, instance:TestCasesFolder.E_Commerce@33065d67]" started-at="2023-11-11T17:27:26 IST" name="tearDown" finished-at="2023-11-11T17:27:26 IST" duration-ms="83" status="PASS">
          <reporter-output>
          </reporter-output>
        </test-method> <!-- tearDown -->
        <test-method is-config="true" signature="launchApplication()[pri:0, instance:TestCasesFolder.E_Commerce@33065d67]" started-at="2023-11-11T17:27:26 IST" name="launchApplication" finished-at="2023-11-11T17:27:29 IST" duration-ms="2737" status="PASS">
          <reporter-output>
          </reporter-output>
        </test-method> <!-- launchApplication -->
        <test-method signature="submitOrder(java.util.HashMap)[pri:0, instance:TestCasesFolder.E_Commerce@33065d67]" started-at="2023-11-11T17:27:29 IST" name="submitOrder" data-provider="getdata" finished-at="2023-11-11T17:27:39 IST" duration-ms="9513" status="PASS">
          <params>
            <param index="0">
              <value>
                <![CDATA[{password=Anubhav@11, product_2=ADIDAS ORIGINAL, email=anubhavgp11@gmail.com, product_1=ZARA COAT 3}]]>
              </value>
            </param>
          </params>
          <reporter-output>
          </reporter-output>
        </test-method> <!-- submitOrder -->
        <test-method is-config="true" signature="tearDown()[pri:0, instance:TestCasesFolder.E_Commerce@33065d67]" started-at="2023-11-11T17:27:39 IST" name="tearDown" finished-at="2023-11-11T17:27:39 IST" duration-ms="85" status="PASS">
          <reporter-output>
          </reporter-output>
        </test-method> <!-- tearDown -->
        <test-method is-config="true" signature="launchApplication()[pri:0, instance:TestCasesFolder.E_Commerce@33065d67]" started-at="2023-11-11T17:27:39 IST" name="launchApplication" finished-at="2023-11-11T17:27:40 IST" duration-ms="1776" status="PASS">
          <reporter-output>
          </reporter-output>
        </test-method> <!-- launchApplication -->
        <test-method signature="OrderHistory()[pri:0, instance:TestCasesFolder.E_Commerce@33065d67]" started-at="2023-11-11T17:27:40 IST" name="OrderHistory" finished-at="2023-11-11T17:27:41 IST" depends-on-methods="TestCasesFolder.E_Commerce.submitOrder" duration-ms="503" status="PASS">
          <reporter-output>
          </reporter-output>
        </test-method> <!-- OrderHistory -->
        <test-method is-config="true" signature="tearDown()[pri:0, instance:TestCasesFolder.E_Commerce@33065d67]" started-at="2023-11-11T17:27:41 IST" name="tearDown" finished-at="2023-11-11T17:27:41 IST" duration-ms="78" status="PASS">
          <reporter-output>
          </reporter-output>
        </test-method> <!-- tearDown -->
      </class> <!-- TestCasesFolder.E_Commerce -->
    </test> <!-- Submit Order Test -->
  </suite> <!-- Suite -->
</testng-results>
